<?xml version="1.0" encoding="UTF-8"?>
<!-- Generated by org.testng.reporters.JUnitXMLReporter -->
<testsuite ignored="2" hostname="user1" failures="0" tests="2" name="Default test(failed)" time="15.229" errors="0" timestamp="2025-04-02T15:36:33 IST">
  <testcase classname="testAutomation.testngpractise" name="Horror" time="0.123"/>
  <testcase classname="testAutomation.testngpractise" name="Fantasy" time="0.108"/>
  <testcase classname="testAutomation.testngpractise" name="crimestores" time="0.0">
    <ignored/>
  </testcase> <!-- crimestores -->
  <testcase classname="testAutomation.testngpractise" name="novelstores" time="0.0">
    <ignored/>
  </testcase> <!-- novelstores -->
</testsuite> <!-- Default test(failed) -->
