<?xml version="1.0" encoding="UTF-8"?>
<!-- Generated by org.testng.reporters.JUnitXMLReporter -->
<testsuite ignored="0" hostname="user1" failures="0" tests="3" name="Default test" time="27.797" errors="0" timestamp="2025-04-03T17:49:00 IST">
  <testcase classname="excelrepo.excelpractice" name="Logincred" time="8.311"/>
  <testcase classname="excelrepo.excelpractice" name="Logincred" time="6.33"/>
  <testcase classname="excelrepo.excelpractice" name="Logincred" time="7.013"/>
</testsuite> <!-- Default test -->
