<?xml version="1.0" encoding="UTF-8"?>
<!-- Generated by org.testng.reporters.JUnitXMLReporter -->
<testsuite ignored="0" hostname="user1" failures="0" tests="3" name="Test" time="6.649" errors="0" timestamp="2025-04-03T14:47:10 IST">
  <testcase classname="paraleeltesting.classOne" name="sample11" time="0.025"/>
  <testcase classname="paraleeltesting.classOne" name="sample12" time="0.003"/>
  <testcase classname="paraleeltesting.classOne" name="sample13" time="0.002"/>
</testsuite> <!-- Test -->
