<?xml version="1.0" encoding="UTF-8"?>
<!-- Generated by org.testng.reporters.JUnitXMLReporter -->
<testsuite ignored="0" hostname="user1" failures="0" tests="3" name="Test1" time="7.154" errors="0" timestamp="2025-04-03T14:47:10 IST">
  <testcase classname="paraleeltesting.classTwo" name="sample21" time="0.01"/>
  <testcase classname="paraleeltesting.classTwo" name="sample22" time="0.001"/>
  <testcase classname="paraleeltesting.classTwo" name="sample23" time="0.003"/>
</testsuite> <!-- Test1 -->
