<?xml version="1.0" encoding="UTF-8"?>
<!-- Generated by org.testng.reporters.JUnitXMLReporter -->
<testsuite ignored="0" hostname="user1" failures="1" tests="4" name="Test" time="40.664" errors="0" timestamp="2025-04-04T15:50:56 IST">
  <testcase classname="extentreports.extentreport" name="Fantasy" time="0.128"/>
  <testcase classname="extentreports.extentreport" name="Horror" time="0.115"/>
  <testcase classname="extentreports.extentreport" name="crimestores" time="0.099"/>
  <testcase classname="extentreports.extentreport" name="novelstores" time="0.107">
    <failure type="java.lang.AssertionError" message="expected [true] but found [false]">
      <![CDATA[java.lang.AssertionError: expected [true] but found [false]
at extentreports.extentreport.novelstores(extentreport.java:105)
at java.base/java.util.ArrayList.forEach(ArrayList.java:1511)
... Removed 31 stack frames]]>
    </failure>
  </testcase> <!-- novelstores -->
</testsuite> <!-- Test -->
