<?xml version="1.0" encoding="UTF-8"?>
<testng-results ignored="0" total="3" passed="3" failed="0" skipped="0">
  <reporter-output>
  </reporter-output>
  <suite started-at="2025-04-03T17:48:33 IST" name="Default suite" finished-at="2025-04-03T17:49:00 IST" duration-ms="27797">
    <groups>
    </groups>
    <test started-at="2025-04-03T17:48:33 IST" name="Default test" finished-at="2025-04-03T17:49:00 IST" duration-ms="27797">
      <class name="excelrepo.excelpractice">
        <test-method is-config="true" signature="setup()[pri:0, instance:excelrepo.excelpractice@4be29ed9]" started-at="2025-04-03T17:48:33 IST" name="setup" finished-at="2025-04-03T17:48:35 IST" duration-ms="2300" status="PASS">
          <reporter-output>
          </reporter-output>
        </test-method> <!-- setup -->
        <test-method signature="Logincred(java.lang.String,java.lang.String)[pri:0, instance:excelrepo.excelpractice@4be29ed9]" started-at="2025-04-03T17:48:35 IST" name="Logincred" data-provider="get" finished-at="2025-04-03T17:48:43 IST" duration-ms="8311" status="PASS">
          <params>
            <param index="0">
              <value>
                <![CDATA[tomsmith]]>
              </value>
            </param>
            <param index="1">
              <value>
                <![CDATA[SuperSecretPassword!]]>
              </value>
            </param>
          </params>
          <reporter-output>
          </reporter-output>
        </test-method> <!-- Logincred -->
        <test-method is-config="true" signature="setup()[pri:0, instance:excelrepo.excelpractice@4be29ed9]" started-at="2025-04-03T17:48:43 IST" name="setup" finished-at="2025-04-03T17:48:45 IST" duration-ms="1670" status="PASS">
          <reporter-output>
          </reporter-output>
        </test-method> <!-- setup -->
        <test-method signature="Logincred(java.lang.String,java.lang.String)[pri:0, instance:excelrepo.excelpractice@4be29ed9]" started-at="2025-04-03T17:48:45 IST" name="Logincred" data-provider="get" finished-at="2025-04-03T17:48:51 IST" duration-ms="6330" status="PASS">
          <params>
            <param index="0">
              <value>
                <![CDATA[tomsmith]]>
              </value>
            </param>
            <param index="1">
              <value>
                <![CDATA[SuperSecretPassword12]]>
              </value>
            </param>
          </params>
          <reporter-output>
          </reporter-output>
        </test-method> <!-- Logincred -->
        <test-method is-config="true" signature="setup()[pri:0, instance:excelrepo.excelpractice@4be29ed9]" started-at="2025-04-03T17:48:51 IST" name="setup" finished-at="2025-04-03T17:48:53 IST" duration-ms="2066" status="PASS">
          <reporter-output>
          </reporter-output>
        </test-method> <!-- setup -->
        <test-method signature="Logincred(java.lang.String,java.lang.String)[pri:0, instance:excelrepo.excelpractice@4be29ed9]" started-at="2025-04-03T17:48:53 IST" name="Logincred" data-provider="get" finished-at="2025-04-03T17:49:00 IST" duration-ms="7013" status="PASS">
          <params>
            <param index="0">
              <value>
                <![CDATA[tomsmith]]>
              </value>
            </param>
            <param index="1">
              <value>
                <![CDATA[SuperSecretPassword13]]>
              </value>
            </param>
          </params>
          <reporter-output>
          </reporter-output>
        </test-method> <!-- Logincred -->
      </class> <!-- excelrepo.excelpractice -->
    </test> <!-- Default test -->
  </suite> <!-- Default suite -->
</testng-results>
