<?xml version="1.0" encoding="UTF-8"?>
<testng-results ignored="0" total="1" passed="1" failed="0" skipped="0">
  <reporter-output>
  </reporter-output>
  <suite started-at="2025-06-26T19:46:34 IST" name="Default suite" finished-at="2025-06-26T19:46:39 IST" duration-ms="5279">
    <groups>
    </groups>
    <test started-at="2025-06-26T19:46:34 IST" name="Default test" finished-at="2025-06-26T19:46:39 IST" duration-ms="5279">
      <class name="testAutomation.shadowdom">
        <test-method signature="shdowdompractise()[pri:0, instance:testAutomation.shadowdom@7c137fd5]" started-at="2025-06-26T19:46:34 IST" name="shdowdompractise" finished-at="2025-06-26T19:46:39 IST" duration-ms="5221" status="PASS">
          <reporter-output>
          </reporter-output>
        </test-method> <!-- shdowdompractise -->
      </class> <!-- testAutomation.shadowdom -->
    </test> <!-- Default test -->
  </suite> <!-- Default suite -->
</testng-results>
